{
  "RSpec": {
    "coverage": {
      "/home/tizh/fluffy_scheduler/spec/models/agreement_spec.rb": [
        1,
        null,
        1,
        null,
        1,
        1,
        null,
        null,
        1,
        4,
        2,
        2,
        2,
        null,
        null
      ],
      "/home/tizh/fluffy_scheduler/spec/rails_helper.rb": [
        null,
        1,
        1,
        1,
        1,
        1,
        null,
        1,
        1,
        1,
        1,
        1,
        null,
        null,
        null,
        null,
        null,
        null,
        null,
        null,
        null,
        null,
        null,
        null,
        null,
        null,
        null,
        null,
        null,
        null,
        null,
        null,
        1,
        1,
        null,
        0,
        0,
        null,
        1,
        null,
        1,
        null,
        null,
        null,
        null,
        1,
        null,
        null,
        null,
        null,
        null,
        null,
        null,
        null,
        null,
        null,
        null,
        null,
        null,
        null,
        1,
        null,
        null,
        1,
        null,
        null,
        null,
        null
      ],
      "/home/tizh/fluffy_scheduler/config/environment.rb": [
        null,
        1,
        null,
        null,
        1
      ],
      "/home/tizh/fluffy_scheduler/config/application.rb": [
        1,
        null,
        1,
        null,
        null,
        null,
        1,
        null,
        1,
        1,
        null,
        1,
        null,
        null,
        null,
        null,
        null,
        null,
        null
      ],
      "/home/tizh/fluffy_scheduler/config/boot.rb": [
        1,
        null,
        1,
        1
      ],
      "/home/tizh/fluffy_scheduler/config/environments/test.rb": [
        1,
        null,
        null,
        null,
        null,
        null,
        null,
        1,
        null,
        null,
        null,
        null,
        1,
        null,
        null,
        1,
        1,
        null,
        null,
        null,
        null,
        1,
        1,
        null,
        null,
        1,
        null,
        null,
        1,
        null,
        null,
        1,
        null,
        1,
        null,
        null,
        null,
        null,
        1,
        null,
        null,
        1,
        null,
        null,
        null,
        null
      ],
      "/home/tizh/fluffy_scheduler/config/initializers/application_controller_renderer.rb": [
        null,
        null,
        null,
        null,
        null,
        null,
        null,
        null
      ],
      "/home/tizh/fluffy_scheduler/config/initializers/assets.rb": [
        null,
        null,
        null,
        1,
        null,
        null,
        null,
        null,
        1,
        null,
        null,
        null,
        null,
        null
      ],
      "/home/tizh/fluffy_scheduler/config/initializers/backtrace_silencers.rb": [
        null,
        null,
        null,
        null,
        null,
        null,
        null
      ],
      "/home/tizh/fluffy_scheduler/config/initializers/content_security_policy.rb": [
        null,
        null,
        null,
        null,
        null,
        null,
        null,
        null,
        null,
        null,
        null,
        null,
        null,
        null,
        null,
        null,
        null,
        null,
        null,
        null,
        null,
        null,
        null,
        null,
        null
      ],
      "/home/tizh/fluffy_scheduler/config/initializers/cookies_serializer.rb": [
        null,
        null,
        null,
        null,
        1
      ],
      "/home/tizh/fluffy_scheduler/config/initializers/devise.rb": [
        null,
        null,
        null,
        null,
        1,
        null,
        null,
        null,
        null,
        null,
        null,
        null,
        null,
        null,
        null,
        null,
        null,
        null,
        null,
        null,
        1,
        null,
        null,
        null,
        null,
        null,
        null,
        null,
        null,
        null,
        null,
        null,
        1,
        null,
        null,
        null,
        null,
        null,
        null,
        null,
        null,
        null,
        null,
        null,
        null,
        null,
        null,
        null,
        null,
        null,
        null,
        null,
        null,
        null,
        1,
        null,
        null,
        null,
        null,
        1,
        null,
        null,
        null,
        null,
        null,
        null,
        null,
        null,
        null,
        null,
        null,
        null,
        null,
        null,
        null,
        null,
        null,
        null,
        null,
        null,
        null,
        null,
        null,
        null,
        null,
        null,
        null,
        null,
        null,
        null,
        1,
        null,
        null,
        null,
        null,
        null,
        null,
        null,
        null,
        null,
        null,
        null,
        null,
        null,
        null,
        null,
        null,
        null,
        null,
        null,
        null,
        null,
        null,
        1,
        null,
        null,
        null,
        null,
        null,
        null,
        null,
        null,
        null,
        null,
        null,
        null,
        null,
        null,
        null,
        null,
        null,
        null,
        null,
        null,
        null,
        null,
        null,
        null,
        null,
        null,
        null,
        null,
        null,
        null,
        1,
        null,
        null,
        null,
        null,
        null,
        null,
        null,
        null,
        null,
        1,
        null,
        null,
        null,
        null,
        null,
        null,
        null,
        null,
        null,
        null,
        1,
        null,
        null,
        null,
        null,
        1,
        null,
        null,
        null,
        null,
        null,
        null,
        null,
        null,
        null,
        null,
        null,
        null,
        null,
        null,
        null,
        null,
        null,
        null,
        null,
        null,
        null,
        null,
        null,
        null,
        null,
        null,
        null,
        null,
        null,
        null,
        null,
        null,
        null,
        null,
        null,
        null,
        null,
        null,
        null,
        null,
        1,
        null,
        null,
        null,
        null,
        null,
        null,
        null,
        null,
        null,
        null,
        null,
        null,
        null,
        null,
        null,
        null,
        null,
        null,
        null,
        null,
        null,
        null,
        null,
        null,
        null,
        null,
        null,
        null,
        null,
        null,
        null,
        null,
        null,
        null,
        null,
        null,
        null,
        null,
        null,
        null,
        null,
        1,
        null,
        null,
        null,
        null,
        null,
        null,
        null,
        null,
        null,
        null,
        null,
        null,
        null,
        null,
        null,
        null,
        null,
        null,
        null,
        null,
        null,
        null,
        null,
        null,
        null,
        null,
        null,
        null,
        null,
        null,
        null,
        null,
        null,
        null,
        null,
        null
      ],
      "/home/tizh/fluffy_scheduler/config/initializers/filter_parameter_logging.rb": [
        null,
        null,
        null,
        1
      ],
      "/home/tizh/fluffy_scheduler/config/initializers/inflections.rb": [
        null,
        null,
        null,
        null,
        null,
        null,
        null,
        null,
        null,
        null,
        null,
        null,
        null,
        null,
        null,
        null
      ],
      "/home/tizh/fluffy_scheduler/config/initializers/mime_types.rb": [
        null,
        null,
        null,
        null
      ],
      "/home/tizh/fluffy_scheduler/config/initializers/wrap_parameters.rb": [
        null,
        null,
        null,
        null,
        null,
        null,
        1,
        1,
        null,
        null,
        null,
        null,
        null,
        null
      ],
      "/home/tizh/fluffy_scheduler/spec/factories/agreement.rb": [
        1,
        1,
        1,
        8,
        8,
        8,
        null,
        null
      ],
      "/home/tizh/fluffy_scheduler/spec/factories/cancellation.rb": [
        1,
        1,
        1,
        4,
        null,
        null
      ],
      "/home/tizh/fluffy_scheduler/spec/factories/pair.rb": [
        1,
        1,
        1,
        1,
        12,
        null,
        null
      ],
      "/home/tizh/fluffy_scheduler/spec/factories/user.rb": [
        1,
        1,
        26,
        25,
        1,
        25,
        null,
        26,
        26,
        26,
        null,
        null
      ],
      "/home/tizh/fluffy_scheduler/config/routes.rb": [
        1,
        1,
        null,
        null
      ],
      "/home/tizh/fluffy_scheduler/app/models/user.rb": [
        1,
        null,
        null,
        1,
        null,
        null,
        1,
        1,
        1,
        1,
        1,
        null
      ],
      "/home/tizh/fluffy_scheduler/app/models/application_record.rb": [
        1,
        1,
        null
      ],
      "/home/tizh/fluffy_scheduler/app/helpers/application_helper.rb": [
        1,
        null
      ],
      "/home/tizh/fluffy_scheduler/spec/support/factory_bot.rb": [
        1,
        1,
        null
      ],
      "/home/tizh/fluffy_scheduler/spec/support/shoulda.rb": [
        1,
        1,
        null,
        1,
        null,
        null,
        1,
        null,
        null
      ],
      "/home/tizh/fluffy_scheduler/spec/support/database_cleaner.rb": [
        1,
        1,
        1,
        1,
        null,
        null,
        1,
        14,
        14,
        null,
        null,
        null
      ],
      "/home/tizh/fluffy_scheduler/app/models/agreement.rb": [
        1,
        1,
        1,
        1,
        1,
        null
      ],
      "/home/tizh/fluffy_scheduler/spec/models/cancellation_spec.rb": [
        1,
        null,
        1,
        null,
        1,
        1,
        null,
        null,
        1,
        3,
        2,
        2,
        null,
        null
      ],
      "/home/tizh/fluffy_scheduler/app/models/cancellation.rb": [
        1,
        1,
        1,
        null
      ],
      "/home/tizh/fluffy_scheduler/spec/models/pair_spec.rb": [
        1,
        null,
        1,
        null,
        1,
        1,
        null,
        null,
        1,
        4,
        2,
        2,
        2,
        null,
        null
      ],
      "/home/tizh/fluffy_scheduler/app/models/pair.rb": [
        1,
        1,
        1,
        1,
        null
      ],
      "/home/tizh/fluffy_scheduler/spec/models/user_spec.rb": [
        1,
        null,
        1,
        null,
        1,
        1,
        null,
        null,
        1,
        3,
        null,
        2,
        2,
        null,
        null
      ]
    },
    "timestamp": 1536618533
  }
}
