{
  "RSpec": {
    "coverage": {
      "/home/tizh/fluffy_accountability/spec/models/accountability_period_spec.rb": [
        1,
        null,
        1,
        null,
        1,
        1,
        null,
        null,
        1,
        4,
        2,
        2,
        2,
        null,
        null
      ],
      "/home/tizh/fluffy_accountability/spec/rails_helper.rb": [
        null,
        1,
        1,
        1,
        1,
        1,
        null,
        1,
        1,
        1,
        1,
        1,
        null,
        null,
        null,
        null,
        null,
        null,
        null,
        null,
        null,
        null,
        null,
        null,
        null,
        null,
        null,
        null,
        null,
        null,
        null,
        null,
        1,
        1,
        null,
        0,
        0,
        null,
        1,
        null,
        1,
        null,
        null,
        null,
        null,
        1,
        null,
        null,
        null,
        null,
        null,
        null,
        null,
        null,
        null,
        null,
        null,
        null,
        null,
        null,
        1,
        null,
        null,
        1,
        null,
        null,
        null,
        null
      ],
      "/home/tizh/fluffy_accountability/config/environment.rb": [
        null,
        1,
        null,
        null,
        1
      ],
      "/home/tizh/fluffy_accountability/config/application.rb": [
        1,
        null,
        1,
        null,
        null,
        null,
        1,
        null,
        1,
        1,
        null,
        1,
        null,
        null,
        null,
        null,
        null,
        null,
        null
      ],
      "/home/tizh/fluffy_accountability/config/boot.rb": [
        1,
        null,
        1,
        1
      ],
      "/home/tizh/fluffy_accountability/config/environments/test.rb": [
        1,
        null,
        null,
        null,
        null,
        null,
        null,
        1,
        null,
        null,
        null,
        null,
        1,
        null,
        null,
        1,
        1,
        null,
        null,
        null,
        null,
        1,
        1,
        null,
        null,
        1,
        null,
        null,
        1,
        null,
        null,
        1,
        null,
        1,
        null,
        null,
        null,
        null,
        1,
        null,
        null,
        1,
        null,
        null,
        null,
        null
      ],
      "/home/tizh/fluffy_accountability/config/initializers/application_controller_renderer.rb": [
        null,
        null,
        null,
        null,
        null,
        null,
        null,
        null
      ],
      "/home/tizh/fluffy_accountability/config/initializers/assets.rb": [
        null,
        null,
        null,
        1,
        null,
        null,
        null,
        null,
        1,
        null,
        null,
        null,
        null,
        null
      ],
      "/home/tizh/fluffy_accountability/config/initializers/backtrace_silencers.rb": [
        null,
        null,
        null,
        null,
        null,
        null,
        null
      ],
      "/home/tizh/fluffy_accountability/config/initializers/content_security_policy.rb": [
        null,
        null,
        null,
        null,
        null,
        null,
        null,
        null,
        null,
        null,
        null,
        null,
        null,
        null,
        null,
        null,
        null,
        null,
        null,
        null,
        null,
        null,
        null,
        null,
        null
      ],
      "/home/tizh/fluffy_accountability/config/initializers/cookies_serializer.rb": [
        null,
        null,
        null,
        null,
        1
      ],
      "/home/tizh/fluffy_accountability/config/initializers/devise.rb": [
        null,
        null,
        null,
        null,
        1,
        null,
        null,
        null,
        null,
        null,
        null,
        null,
        null,
        null,
        null,
        null,
        null,
        null,
        null,
        null,
        1,
        null,
        null,
        null,
        null,
        null,
        null,
        null,
        null,
        null,
        null,
        null,
        1,
        null,
        null,
        null,
        null,
        null,
        null,
        null,
        null,
        null,
        null,
        null,
        null,
        null,
        null,
        null,
        null,
        null,
        null,
        null,
        null,
        null,
        1,
        null,
        null,
        null,
        null,
        1,
        null,
        null,
        null,
        null,
        null,
        null,
        null,
        null,
        null,
        null,
        null,
        null,
        null,
        null,
        null,
        null,
        null,
        null,
        null,
        null,
        null,
        null,
        null,
        null,
        null,
        null,
        null,
        null,
        null,
        null,
        1,
        null,
        null,
        null,
        null,
        null,
        null,
        null,
        null,
        null,
        null,
        null,
        null,
        null,
        null,
        null,
        null,
        null,
        null,
        null,
        null,
        null,
        null,
        1,
        null,
        null,
        null,
        null,
        null,
        null,
        null,
        null,
        null,
        null,
        null,
        null,
        null,
        null,
        null,
        null,
        null,
        null,
        null,
        null,
        null,
        null,
        null,
        null,
        null,
        null,
        null,
        null,
        null,
        null,
        1,
        null,
        null,
        null,
        null,
        null,
        null,
        null,
        null,
        null,
        1,
        null,
        null,
        null,
        null,
        null,
        null,
        null,
        null,
        null,
        null,
        1,
        null,
        null,
        null,
        null,
        1,
        null,
        null,
        null,
        null,
        null,
        null,
        null,
        null,
        null,
        null,
        null,
        null,
        null,
        null,
        null,
        null,
        null,
        null,
        null,
        null,
        null,
        null,
        null,
        null,
        null,
        null,
        null,
        null,
        null,
        null,
        null,
        null,
        null,
        null,
        null,
        null,
        null,
        null,
        null,
        null,
        1,
        null,
        null,
        null,
        null,
        null,
        null,
        null,
        null,
        null,
        null,
        null,
        null,
        null,
        null,
        null,
        null,
        null,
        null,
        null,
        null,
        null,
        null,
        null,
        null,
        null,
        null,
        null,
        null,
        null,
        null,
        null,
        null,
        null,
        null,
        null,
        null,
        null,
        null,
        null,
        null,
        null,
        1,
        null,
        null,
        null,
        null,
        null,
        null,
        null,
        null,
        null,
        null,
        null,
        null,
        null,
        null,
        null,
        null,
        null,
        null,
        null,
        null,
        null,
        null,
        null,
        null,
        null,
        null,
        null,
        null,
        null,
        null,
        null,
        null,
        null,
        null,
        null,
        null
      ],
      "/home/tizh/fluffy_accountability/config/initializers/filter_parameter_logging.rb": [
        null,
        null,
        null,
        1
      ],
      "/home/tizh/fluffy_accountability/config/initializers/inflections.rb": [
        null,
        null,
        null,
        null,
        null,
        null,
        null,
        null,
        null,
        null,
        null,
        null,
        null,
        null,
        null,
        null
      ],
      "/home/tizh/fluffy_accountability/config/initializers/mime_types.rb": [
        null,
        null,
        null,
        null
      ],
      "/home/tizh/fluffy_accountability/config/initializers/wrap_parameters.rb": [
        null,
        null,
        null,
        null,
        null,
        null,
        1,
        1,
        null,
        null,
        null,
        null,
        null,
        null
      ],
      "/home/tizh/fluffy_accountability/spec/factories/accountability_period.rb": [
        1,
        1,
        1,
        5,
        5,
        5,
        null,
        null
      ],
      "/home/tizh/fluffy_accountability/spec/factories/agreement.rb": [
        1,
        1,
        1,
        11,
        11,
        11,
        null,
        null
      ],
      "/home/tizh/fluffy_accountability/spec/factories/cancellation.rb": [
        1,
        1,
        1,
        4,
        null,
        null
      ],
      "/home/tizh/fluffy_accountability/spec/factories/fulfilllment_report.rb": [
        1,
        1,
        1,
        4,
        4,
        4,
        null,
        null
      ],
      "/home/tizh/fluffy_accountability/spec/factories/pair.rb": [
        1,
        1,
        1,
        1,
        19,
        null,
        null
      ],
      "/home/tizh/fluffy_accountability/spec/factories/user.rb": [
        1,
        1,
        40,
        39,
        1,
        39,
        null,
        40,
        40,
        40,
        null,
        null
      ],
      "/home/tizh/fluffy_accountability/config/routes.rb": [
        1,
        1,
        null,
        null
      ],
      "/home/tizh/fluffy_accountability/app/models/user.rb": [
        1,
        null,
        null,
        1,
        null,
        null,
        1,
        1,
        1,
        1,
        1,
        1,
        1,
        null
      ],
      "/home/tizh/fluffy_accountability/app/models/application_record.rb": [
        1,
        1,
        null
      ],
      "/home/tizh/fluffy_accountability/app/helpers/application_helper.rb": [
        1,
        null
      ],
      "/home/tizh/fluffy_accountability/spec/support/factory_bot.rb": [
        1,
        1,
        null
      ],
      "/home/tizh/fluffy_accountability/spec/support/shoulda.rb": [
        1,
        1,
        null,
        1,
        null,
        null,
        1,
        null,
        null
      ],
      "/home/tizh/fluffy_accountability/spec/support/database_cleaner.rb": [
        1,
        1,
        1,
        1,
        null,
        null,
        1,
        21,
        21,
        null,
        null,
        null
      ],
      "/home/tizh/fluffy_accountability/app/models/accountability_period.rb": [
        1,
        1,
        1,
        1,
        null
      ],
      "/home/tizh/fluffy_accountability/spec/models/agreement_spec.rb": [
        1,
        null,
        1,
        null,
        1,
        1,
        null,
        null,
        1,
        4,
        2,
        2,
        2,
        null,
        null
      ],
      "/home/tizh/fluffy_accountability/app/models/agreement.rb": [
        1,
        1,
        1,
        1,
        1,
        1,
        null
      ],
      "/home/tizh/fluffy_accountability/spec/models/cancellation_spec.rb": [
        1,
        null,
        1,
        null,
        1,
        1,
        null,
        null,
        1,
        3,
        2,
        2,
        null,
        null
      ],
      "/home/tizh/fluffy_accountability/app/models/cancellation.rb": [
        1,
        1,
        1,
        null
      ],
      "/home/tizh/fluffy_accountability/spec/models/fulfillment_report_spec.rb": [
        1,
        null,
        1,
        null,
        1,
        1,
        null,
        null,
        1,
        3,
        2,
        2,
        null,
        null
      ],
      "/home/tizh/fluffy_accountability/app/models/fulfillment_report.rb": [
        1,
        1,
        1,
        null
      ],
      "/home/tizh/fluffy_accountability/spec/models/pair_spec.rb": [
        1,
        null,
        1,
        null,
        1,
        1,
        null,
        null,
        1,
        4,
        2,
        2,
        2,
        null,
        null
      ],
      "/home/tizh/fluffy_accountability/app/models/pair.rb": [
        1,
        1,
        1,
        1,
        1,
        null
      ],
      "/home/tizh/fluffy_accountability/spec/models/user_spec.rb": [
        1,
        null,
        1,
        null,
        1,
        1,
        null,
        null,
        1,
        3,
        null,
        2,
        2,
        null,
        null
      ]
    },
    "timestamp": 1536641268
  }
}
